CRITICAL - 2023-05-28 15:12:10 --> Undefined variable $all_data_wisata
in APPPATH\Views\wisata.php on line 30.
 1 APPPATH\Views\wisata.php(30): CodeIgniter\Debug\Exceptions->errorHandler(2, 'Undefined variable $all_data_wisata', 'C:\\xampp\\htdocs\\admin-web\\app\\Views\\wisata.php', 30)
 2 SYSTEMPATH\View\View.php(213): include('C:\\xampp\\htdocs\\admin-web\\app\\Views\\wisata.php')
 3 SYSTEMPATH\View\View.php(216): CodeIgniter\View\View->CodeIgniter\View\{closure}()
 4 SYSTEMPATH\Common.php(1184): CodeIgniter\View\View->render('wisata', [], true)
 5 APPPATH\Controllers\Wisata.php(11): view('wisata', [...])
 6 SYSTEMPATH\CodeIgniter.php(934): App\Controllers\Wisata->index()
 7 SYSTEMPATH\CodeIgniter.php(499): CodeIgniter\CodeIgniter->runController(Object(App\Controllers\Wisata))
 8 SYSTEMPATH\CodeIgniter.php(368): CodeIgniter\CodeIgniter->handleRequest(null, Object(Config\Cache), false)
 9 FCPATH\index.php(67): CodeIgniter\CodeIgniter->run()
CRITICAL - 2023-05-28 15:14:24 --> Undefined variable $all_data_wisata
in APPPATH\Views\wisata.php on line 30.
 1 APPPATH\Views\wisata.php(30): CodeIgniter\Debug\Exceptions->errorHandler(2, 'Undefined variable $all_data_wisata', 'C:\\xampp\\htdocs\\admin-web\\app\\Views\\wisata.php', 30)
 2 SYSTEMPATH\View\View.php(213): include('C:\\xampp\\htdocs\\admin-web\\app\\Views\\wisata.php')
 3 SYSTEMPATH\View\View.php(216): CodeIgniter\View\View->CodeIgniter\View\{closure}()
 4 SYSTEMPATH\Common.php(1184): CodeIgniter\View\View->render('wisata', [], true)
 5 APPPATH\Controllers\Wisata.php(11): view('wisata', [...])
 6 SYSTEMPATH\CodeIgniter.php(934): App\Controllers\Wisata->index()
 7 SYSTEMPATH\CodeIgniter.php(499): CodeIgniter\CodeIgniter->runController(Object(App\Controllers\Wisata))
 8 SYSTEMPATH\CodeIgniter.php(368): CodeIgniter\CodeIgniter->handleRequest(null, Object(Config\Cache), false)
 9 FCPATH\index.php(67): CodeIgniter\CodeIgniter->run()
CRITICAL - 2023-05-28 15:15:08 --> Undefined variable $all_data_wisata
in APPPATH\Views\wisata.php on line 30.
 1 APPPATH\Views\wisata.php(30): CodeIgniter\Debug\Exceptions->errorHandler(2, 'Undefined variable $all_data_wisata', 'C:\\xampp\\htdocs\\admin-web\\app\\Views\\wisata.php', 30)
 2 SYSTEMPATH\View\View.php(213): include('C:\\xampp\\htdocs\\admin-web\\app\\Views\\wisata.php')
 3 SYSTEMPATH\View\View.php(216): CodeIgniter\View\View->CodeIgniter\View\{closure}()
 4 SYSTEMPATH\Common.php(1184): CodeIgniter\View\View->render('wisata', [], true)
 5 APPPATH\Controllers\Wisata.php(11): view('wisata', [...])
 6 SYSTEMPATH\CodeIgniter.php(934): App\Controllers\Wisata->index()
 7 SYSTEMPATH\CodeIgniter.php(499): CodeIgniter\CodeIgniter->runController(Object(App\Controllers\Wisata))
 8 SYSTEMPATH\CodeIgniter.php(368): CodeIgniter\CodeIgniter->handleRequest(null, Object(Config\Cache), false)
 9 FCPATH\index.php(67): CodeIgniter\CodeIgniter->run()
CRITICAL - 2023-05-28 15:18:52 --> Undefined variable $all_data_wisata
in APPPATH\Views\wisata.php on line 32.
 1 APPPATH\Views\wisata.php(32): CodeIgniter\Debug\Exceptions->errorHandler(2, 'Undefined variable $all_data_wisata', 'C:\\xampp\\htdocs\\admin-web\\app\\Views\\wisata.php', 32)
 2 SYSTEMPATH\View\View.php(213): include('C:\\xampp\\htdocs\\admin-web\\app\\Views\\wisata.php')
 3 SYSTEMPATH\View\View.php(216): CodeIgniter\View\View->CodeIgniter\View\{closure}()
 4 SYSTEMPATH\Common.php(1184): CodeIgniter\View\View->render('wisata', [], true)
 5 APPPATH\Controllers\Wisata.php(11): view('wisata', [...])
 6 SYSTEMPATH\CodeIgniter.php(934): App\Controllers\Wisata->index()
 7 SYSTEMPATH\CodeIgniter.php(499): CodeIgniter\CodeIgniter->runController(Object(App\Controllers\Wisata))
 8 SYSTEMPATH\CodeIgniter.php(368): CodeIgniter\CodeIgniter->handleRequest(null, Object(Config\Cache), false)
 9 FCPATH\index.php(67): CodeIgniter\CodeIgniter->run()
CRITICAL - 2023-05-28 15:18:54 --> Undefined variable $all_data_wisata
in APPPATH\Views\wisata.php on line 32.
 1 APPPATH\Views\wisata.php(32): CodeIgniter\Debug\Exceptions->errorHandler(2, 'Undefined variable $all_data_wisata', 'C:\\xampp\\htdocs\\admin-web\\app\\Views\\wisata.php', 32)
 2 SYSTEMPATH\View\View.php(213): include('C:\\xampp\\htdocs\\admin-web\\app\\Views\\wisata.php')
 3 SYSTEMPATH\View\View.php(216): CodeIgniter\View\View->CodeIgniter\View\{closure}()
 4 SYSTEMPATH\Common.php(1184): CodeIgniter\View\View->render('wisata', [], true)
 5 APPPATH\Controllers\Wisata.php(11): view('wisata', [...])
 6 SYSTEMPATH\CodeIgniter.php(934): App\Controllers\Wisata->index()
 7 SYSTEMPATH\CodeIgniter.php(499): CodeIgniter\CodeIgniter->runController(Object(App\Controllers\Wisata))
 8 SYSTEMPATH\CodeIgniter.php(368): CodeIgniter\CodeIgniter->handleRequest(null, Object(Config\Cache), false)
 9 FCPATH\index.php(67): CodeIgniter\CodeIgniter->run()
CRITICAL - 2023-05-28 15:21:52 --> Undefined variable $all_data_wisata
in APPPATH\Views\wisata.php on line 32.
 1 APPPATH\Views\wisata.php(32): CodeIgniter\Debug\Exceptions->errorHandler(2, 'Undefined variable $all_data_wisata', 'C:\\xampp\\htdocs\\admin-web\\app\\Views\\wisata.php', 32)
 2 SYSTEMPATH\View\View.php(213): include('C:\\xampp\\htdocs\\admin-web\\app\\Views\\wisata.php')
 3 SYSTEMPATH\View\View.php(216): CodeIgniter\View\View->CodeIgniter\View\{closure}()
 4 SYSTEMPATH\Common.php(1184): CodeIgniter\View\View->render('wisata', [], true)
 5 APPPATH\Controllers\Wisata.php(11): view('wisata', [...])
 6 SYSTEMPATH\CodeIgniter.php(934): App\Controllers\Wisata->index()
 7 SYSTEMPATH\CodeIgniter.php(499): CodeIgniter\CodeIgniter->runController(Object(App\Controllers\Wisata))
 8 SYSTEMPATH\CodeIgniter.php(368): CodeIgniter\CodeIgniter->handleRequest(null, Object(Config\Cache), false)
 9 FCPATH\index.php(67): CodeIgniter\CodeIgniter->run()
CRITICAL - 2023-05-28 15:22:58 --> Undefined variable $all_data_wisata
in APPPATH\Views\wisata.php on line 32.
 1 APPPATH\Views\wisata.php(32): CodeIgniter\Debug\Exceptions->errorHandler(2, 'Undefined variable $all_data_wisata', 'C:\\xampp\\htdocs\\admin-web\\app\\Views\\wisata.php', 32)
 2 SYSTEMPATH\View\View.php(213): include('C:\\xampp\\htdocs\\admin-web\\app\\Views\\wisata.php')
 3 SYSTEMPATH\View\View.php(216): CodeIgniter\View\View->CodeIgniter\View\{closure}()
 4 SYSTEMPATH\Common.php(1184): CodeIgniter\View\View->render('wisata', [], true)
 5 APPPATH\Controllers\Wisata.php(11): view('wisata', [...])
 6 SYSTEMPATH\CodeIgniter.php(934): App\Controllers\Wisata->index()
 7 SYSTEMPATH\CodeIgniter.php(499): CodeIgniter\CodeIgniter->runController(Object(App\Controllers\Wisata))
 8 SYSTEMPATH\CodeIgniter.php(368): CodeIgniter\CodeIgniter->handleRequest(null, Object(Config\Cache), false)
 9 FCPATH\index.php(67): CodeIgniter\CodeIgniter->run()
CRITICAL - 2023-05-28 15:26:32 --> Undefined variable $all_data_wisata
in APPPATH\Views\wisata.php on line 32.
 1 APPPATH\Views\wisata.php(32): CodeIgniter\Debug\Exceptions->errorHandler(2, 'Undefined variable $all_data_wisata', 'C:\\xampp\\htdocs\\admin-web\\app\\Views\\wisata.php', 32)
 2 SYSTEMPATH\View\View.php(213): include('C:\\xampp\\htdocs\\admin-web\\app\\Views\\wisata.php')
 3 SYSTEMPATH\View\View.php(216): CodeIgniter\View\View->CodeIgniter\View\{closure}()
 4 SYSTEMPATH\Common.php(1184): CodeIgniter\View\View->render('wisata', [], true)
 5 APPPATH\Controllers\Wisata.php(11): view('wisata', [...])
 6 SYSTEMPATH\CodeIgniter.php(934): App\Controllers\Wisata->index()
 7 SYSTEMPATH\CodeIgniter.php(499): CodeIgniter\CodeIgniter->runController(Object(App\Controllers\Wisata))
 8 SYSTEMPATH\CodeIgniter.php(368): CodeIgniter\CodeIgniter->handleRequest(null, Object(Config\Cache), false)
 9 FCPATH\index.php(67): CodeIgniter\CodeIgniter->run()
CRITICAL - 2023-05-28 15:26:35 --> Undefined variable $all_data_wisata
in APPPATH\Views\wisata.php on line 32.
 1 APPPATH\Views\wisata.php(32): CodeIgniter\Debug\Exceptions->errorHandler(2, 'Undefined variable $all_data_wisata', 'C:\\xampp\\htdocs\\admin-web\\app\\Views\\wisata.php', 32)
 2 SYSTEMPATH\View\View.php(213): include('C:\\xampp\\htdocs\\admin-web\\app\\Views\\wisata.php')
 3 SYSTEMPATH\View\View.php(216): CodeIgniter\View\View->CodeIgniter\View\{closure}()
 4 SYSTEMPATH\Common.php(1184): CodeIgniter\View\View->render('wisata', [], true)
 5 APPPATH\Controllers\Wisata.php(11): view('wisata', [...])
 6 SYSTEMPATH\CodeIgniter.php(934): App\Controllers\Wisata->index()
 7 SYSTEMPATH\CodeIgniter.php(499): CodeIgniter\CodeIgniter->runController(Object(App\Controllers\Wisata))
 8 SYSTEMPATH\CodeIgniter.php(368): CodeIgniter\CodeIgniter->handleRequest(null, Object(Config\Cache), false)
 9 FCPATH\index.php(67): CodeIgniter\CodeIgniter->run()
CRITICAL - 2023-05-28 15:27:52 --> Undefined variable $all_data_wisata
in APPPATH\Views\wisata.php on line 32.
 1 APPPATH\Views\wisata.php(32): CodeIgniter\Debug\Exceptions->errorHandler(2, 'Undefined variable $all_data_wisata', 'C:\\xampp\\htdocs\\admin-web\\app\\Views\\wisata.php', 32)
 2 SYSTEMPATH\View\View.php(213): include('C:\\xampp\\htdocs\\admin-web\\app\\Views\\wisata.php')
 3 SYSTEMPATH\View\View.php(216): CodeIgniter\View\View->CodeIgniter\View\{closure}()
 4 SYSTEMPATH\Common.php(1184): CodeIgniter\View\View->render('wisata', [], true)
 5 APPPATH\Controllers\Wisata.php(11): view('wisata', [...])
 6 SYSTEMPATH\CodeIgniter.php(934): App\Controllers\Wisata->index()
 7 SYSTEMPATH\CodeIgniter.php(499): CodeIgniter\CodeIgniter->runController(Object(App\Controllers\Wisata))
 8 SYSTEMPATH\CodeIgniter.php(368): CodeIgniter\CodeIgniter->handleRequest(null, Object(Config\Cache), false)
 9 FCPATH\index.php(67): CodeIgniter\CodeIgniter->run()
CRITICAL - 2023-05-28 15:27:56 --> Undefined variable $all_data_wisata
in APPPATH\Views\wisata.php on line 32.
 1 APPPATH\Views\wisata.php(32): CodeIgniter\Debug\Exceptions->errorHandler(2, 'Undefined variable $all_data_wisata', 'C:\\xampp\\htdocs\\admin-web\\app\\Views\\wisata.php', 32)
 2 SYSTEMPATH\View\View.php(213): include('C:\\xampp\\htdocs\\admin-web\\app\\Views\\wisata.php')
 3 SYSTEMPATH\View\View.php(216): CodeIgniter\View\View->CodeIgniter\View\{closure}()
 4 SYSTEMPATH\Common.php(1184): CodeIgniter\View\View->render('wisata', [], true)
 5 APPPATH\Controllers\Wisata.php(11): view('wisata', [...])
 6 SYSTEMPATH\CodeIgniter.php(934): App\Controllers\Wisata->index()
 7 SYSTEMPATH\CodeIgniter.php(499): CodeIgniter\CodeIgniter->runController(Object(App\Controllers\Wisata))
 8 SYSTEMPATH\CodeIgniter.php(368): CodeIgniter\CodeIgniter->handleRequest(null, Object(Config\Cache), false)
 9 FCPATH\index.php(67): CodeIgniter\CodeIgniter->run()
CRITICAL - 2023-05-28 17:01:38 --> Undefined variable $id
in APPPATH\Views\edit_data_wisata.php on line 16.
 1 APPPATH\Views\edit_data_wisata.php(16): CodeIgniter\Debug\Exceptions->errorHandler(2, 'Undefined variable $id', 'C:\\xampp\\htdocs\\admin-web\\app\\Views\\edit_data_wisata.php', 16)
 2 SYSTEMPATH\View\View.php(213): include('C:\\xampp\\htdocs\\admin-web\\app\\Views\\edit_data_wisata.php')
 3 SYSTEMPATH\View\View.php(216): CodeIgniter\View\View->CodeIgniter\View\{closure}()
 4 SYSTEMPATH\Common.php(1184): CodeIgniter\View\View->render('edit_data_wisata', [], true)
 5 APPPATH\Controllers\Wisata.php(27): view('edit_data_wisata', [...])
 6 SYSTEMPATH\CodeIgniter.php(934): App\Controllers\Wisata->edit_data_wisata('1')
 7 SYSTEMPATH\CodeIgniter.php(499): CodeIgniter\CodeIgniter->runController(Object(App\Controllers\Wisata))
 8 SYSTEMPATH\CodeIgniter.php(368): CodeIgniter\CodeIgniter->handleRequest(null, Object(Config\Cache), false)
 9 FCPATH\index.php(67): CodeIgniter\CodeIgniter->run()
CRITICAL - 2023-05-28 17:02:38 --> Undefined variable $id
in APPPATH\Views\edit_data_wisata.php on line 16.
 1 APPPATH\Views\edit_data_wisata.php(16): CodeIgniter\Debug\Exceptions->errorHandler(2, 'Undefined variable $id', 'C:\\xampp\\htdocs\\admin-web\\app\\Views\\edit_data_wisata.php', 16)
 2 SYSTEMPATH\View\View.php(213): include('C:\\xampp\\htdocs\\admin-web\\app\\Views\\edit_data_wisata.php')
 3 SYSTEMPATH\View\View.php(216): CodeIgniter\View\View->CodeIgniter\View\{closure}()
 4 SYSTEMPATH\Common.php(1184): CodeIgniter\View\View->render('edit_data_wisata', [], true)
 5 APPPATH\Controllers\Wisata.php(27): view('edit_data_wisata', [...])
 6 SYSTEMPATH\CodeIgniter.php(934): App\Controllers\Wisata->edit_data_wisata('1')
 7 SYSTEMPATH\CodeIgniter.php(499): CodeIgniter\CodeIgniter->runController(Object(App\Controllers\Wisata))
 8 SYSTEMPATH\CodeIgniter.php(368): CodeIgniter\CodeIgniter->handleRequest(null, Object(Config\Cache), false)
 9 FCPATH\index.php(67): CodeIgniter\CodeIgniter->run()
CRITICAL - 2023-05-28 17:05:23 --> Undefined variable $id
in APPPATH\Views\edit_data_wisata.php on line 16.
 1 APPPATH\Views\edit_data_wisata.php(16): CodeIgniter\Debug\Exceptions->errorHandler(2, 'Undefined variable $id', 'C:\\xampp\\htdocs\\admin-web\\app\\Views\\edit_data_wisata.php', 16)
 2 SYSTEMPATH\View\View.php(213): include('C:\\xampp\\htdocs\\admin-web\\app\\Views\\edit_data_wisata.php')
 3 SYSTEMPATH\View\View.php(216): CodeIgniter\View\View->CodeIgniter\View\{closure}()
 4 SYSTEMPATH\Common.php(1184): CodeIgniter\View\View->render('edit_data_wisata', [], true)
 5 APPPATH\Controllers\Wisata.php(27): view('edit_data_wisata', [...])
 6 SYSTEMPATH\CodeIgniter.php(934): App\Controllers\Wisata->edit_data_wisata('1')
 7 SYSTEMPATH\CodeIgniter.php(499): CodeIgniter\CodeIgniter->runController(Object(App\Controllers\Wisata))
 8 SYSTEMPATH\CodeIgniter.php(368): CodeIgniter\CodeIgniter->handleRequest(null, Object(Config\Cache), false)
 9 FCPATH\index.php(67): CodeIgniter\CodeIgniter->run()
CRITICAL - 2023-05-28 17:06:43 --> Undefined variable $id
in APPPATH\Views\edit_data_wisata.php on line 16.
 1 APPPATH\Views\edit_data_wisata.php(16): CodeIgniter\Debug\Exceptions->errorHandler(2, 'Undefined variable $id', 'C:\\xampp\\htdocs\\admin-web\\app\\Views\\edit_data_wisata.php', 16)
 2 SYSTEMPATH\View\View.php(213): include('C:\\xampp\\htdocs\\admin-web\\app\\Views\\edit_data_wisata.php')
 3 SYSTEMPATH\View\View.php(216): CodeIgniter\View\View->CodeIgniter\View\{closure}()
 4 SYSTEMPATH\Common.php(1184): CodeIgniter\View\View->render('edit_data_wisata', [], true)
 5 APPPATH\Controllers\Wisata.php(27): view('edit_data_wisata', [...])
 6 SYSTEMPATH\CodeIgniter.php(934): App\Controllers\Wisata->edit_data_wisata('1')
 7 SYSTEMPATH\CodeIgniter.php(499): CodeIgniter\CodeIgniter->runController(Object(App\Controllers\Wisata))
 8 SYSTEMPATH\CodeIgniter.php(368): CodeIgniter\CodeIgniter->handleRequest(null, Object(Config\Cache), false)
 9 FCPATH\index.php(67): CodeIgniter\CodeIgniter->run()
CRITICAL - 2023-05-28 17:09:47 --> Undefined variable $id
in APPPATH\Views\edit_data_wisata.php on line 16.
 1 APPPATH\Views\edit_data_wisata.php(16): CodeIgniter\Debug\Exceptions->errorHandler(2, 'Undefined variable $id', 'C:\\xampp\\htdocs\\admin-web\\app\\Views\\edit_data_wisata.php', 16)
 2 SYSTEMPATH\View\View.php(213): include('C:\\xampp\\htdocs\\admin-web\\app\\Views\\edit_data_wisata.php')
 3 SYSTEMPATH\View\View.php(216): CodeIgniter\View\View->CodeIgniter\View\{closure}()
 4 SYSTEMPATH\Common.php(1184): CodeIgniter\View\View->render('edit_data_wisata', [], true)
 5 APPPATH\Controllers\Wisata.php(27): view('edit_data_wisata', [...])
 6 SYSTEMPATH\CodeIgniter.php(934): App\Controllers\Wisata->edit_data_wisata('1')
 7 SYSTEMPATH\CodeIgniter.php(499): CodeIgniter\CodeIgniter->runController(Object(App\Controllers\Wisata))
 8 SYSTEMPATH\CodeIgniter.php(368): CodeIgniter\CodeIgniter->handleRequest(null, Object(Config\Cache), false)
 9 FCPATH\index.php(67): CodeIgniter\CodeIgniter->run()
CRITICAL - 2023-05-28 17:15:47 --> Undefined variable $id
in APPPATH\Views\edit_data_wisata.php on line 16.
 1 APPPATH\Views\edit_data_wisata.php(16): CodeIgniter\Debug\Exceptions->errorHandler(2, 'Undefined variable $id', 'C:\\xampp\\htdocs\\admin-web\\app\\Views\\edit_data_wisata.php', 16)
 2 SYSTEMPATH\View\View.php(213): include('C:\\xampp\\htdocs\\admin-web\\app\\Views\\edit_data_wisata.php')
 3 SYSTEMPATH\View\View.php(216): CodeIgniter\View\View->CodeIgniter\View\{closure}()
 4 SYSTEMPATH\Common.php(1184): CodeIgniter\View\View->render('edit_data_wisata', [], true)
 5 APPPATH\Controllers\Wisata.php(27): view('edit_data_wisata', [...])
 6 SYSTEMPATH\CodeIgniter.php(934): App\Controllers\Wisata->edit_data_wisata('1')
 7 SYSTEMPATH\CodeIgniter.php(499): CodeIgniter\CodeIgniter->runController(Object(App\Controllers\Wisata))
 8 SYSTEMPATH\CodeIgniter.php(368): CodeIgniter\CodeIgniter->handleRequest(null, Object(Config\Cache), false)
 9 FCPATH\index.php(67): CodeIgniter\CodeIgniter->run()
CRITICAL - 2023-05-28 17:18:43 --> Undefined variable $id
in APPPATH\Views\edit_data_wisata.php on line 16.
 1 APPPATH\Views\edit_data_wisata.php(16): CodeIgniter\Debug\Exceptions->errorHandler(2, 'Undefined variable $id', 'C:\\xampp\\htdocs\\admin-web\\app\\Views\\edit_data_wisata.php', 16)
 2 SYSTEMPATH\View\View.php(213): include('C:\\xampp\\htdocs\\admin-web\\app\\Views\\edit_data_wisata.php')
 3 SYSTEMPATH\View\View.php(216): CodeIgniter\View\View->CodeIgniter\View\{closure}()
 4 SYSTEMPATH\Common.php(1184): CodeIgniter\View\View->render('edit_data_wisata', [], true)
 5 APPPATH\Controllers\Wisata.php(27): view('edit_data_wisata', [...])
 6 SYSTEMPATH\CodeIgniter.php(934): App\Controllers\Wisata->edit_data_wisata('1')
 7 SYSTEMPATH\CodeIgniter.php(499): CodeIgniter\CodeIgniter->runController(Object(App\Controllers\Wisata))
 8 SYSTEMPATH\CodeIgniter.php(368): CodeIgniter\CodeIgniter->handleRequest(null, Object(Config\Cache), false)
 9 FCPATH\index.php(67): CodeIgniter\CodeIgniter->run()
CRITICAL - 2023-05-28 17:25:47 --> Undefined variable $id
in APPPATH\Views\edit_data_wisata.php on line 16.
 1 APPPATH\Views\edit_data_wisata.php(16): CodeIgniter\Debug\Exceptions->errorHandler(2, 'Undefined variable $id', 'C:\\xampp\\htdocs\\admin-web\\app\\Views\\edit_data_wisata.php', 16)
 2 SYSTEMPATH\View\View.php(213): include('C:\\xampp\\htdocs\\admin-web\\app\\Views\\edit_data_wisata.php')
 3 SYSTEMPATH\View\View.php(216): CodeIgniter\View\View->CodeIgniter\View\{closure}()
 4 SYSTEMPATH\Common.php(1184): CodeIgniter\View\View->render('edit_data_wisata', [], true)
 5 APPPATH\Controllers\Wisata.php(27): view('edit_data_wisata', [...])
 6 SYSTEMPATH\CodeIgniter.php(934): App\Controllers\Wisata->edit_data_wisata('1')
 7 SYSTEMPATH\CodeIgniter.php(499): CodeIgniter\CodeIgniter->runController(Object(App\Controllers\Wisata))
 8 SYSTEMPATH\CodeIgniter.php(368): CodeIgniter\CodeIgniter->handleRequest(null, Object(Config\Cache), false)
 9 FCPATH\index.php(67): CodeIgniter\CodeIgniter->run()
CRITICAL - 2023-05-28 17:25:53 --> Undefined variable $id
in APPPATH\Views\edit_data_wisata.php on line 16.
 1 APPPATH\Views\edit_data_wisata.php(16): CodeIgniter\Debug\Exceptions->errorHandler(2, 'Undefined variable $id', 'C:\\xampp\\htdocs\\admin-web\\app\\Views\\edit_data_wisata.php', 16)
 2 SYSTEMPATH\View\View.php(213): include('C:\\xampp\\htdocs\\admin-web\\app\\Views\\edit_data_wisata.php')
 3 SYSTEMPATH\View\View.php(216): CodeIgniter\View\View->CodeIgniter\View\{closure}()
 4 SYSTEMPATH\Common.php(1184): CodeIgniter\View\View->render('edit_data_wisata', [], true)
 5 APPPATH\Controllers\Wisata.php(27): view('edit_data_wisata', [...])
 6 SYSTEMPATH\CodeIgniter.php(934): App\Controllers\Wisata->edit_data_wisata('2')
 7 SYSTEMPATH\CodeIgniter.php(499): CodeIgniter\CodeIgniter->runController(Object(App\Controllers\Wisata))
 8 SYSTEMPATH\CodeIgniter.php(368): CodeIgniter\CodeIgniter->handleRequest(null, Object(Config\Cache), false)
 9 FCPATH\index.php(67): CodeIgniter\CodeIgniter->run()
CRITICAL - 2023-05-28 17:27:26 --> Undefined variable $id
in APPPATH\Views\edit_data_wisata.php on line 16.
 1 APPPATH\Views\edit_data_wisata.php(16): CodeIgniter\Debug\Exceptions->errorHandler(2, 'Undefined variable $id', 'C:\\xampp\\htdocs\\admin-web\\app\\Views\\edit_data_wisata.php', 16)
 2 SYSTEMPATH\View\View.php(213): include('C:\\xampp\\htdocs\\admin-web\\app\\Views\\edit_data_wisata.php')
 3 SYSTEMPATH\View\View.php(216): CodeIgniter\View\View->CodeIgniter\View\{closure}()
 4 SYSTEMPATH\Common.php(1184): CodeIgniter\View\View->render('edit_data_wisata', [], true)
 5 APPPATH\Controllers\Wisata.php(27): view('edit_data_wisata', [...])
 6 SYSTEMPATH\CodeIgniter.php(934): App\Controllers\Wisata->edit_data_wisata('3')
 7 SYSTEMPATH\CodeIgniter.php(499): CodeIgniter\CodeIgniter->runController(Object(App\Controllers\Wisata))
 8 SYSTEMPATH\CodeIgniter.php(368): CodeIgniter\CodeIgniter->handleRequest(null, Object(Config\Cache), false)
 9 FCPATH\index.php(67): CodeIgniter\CodeIgniter->run()
CRITICAL - 2023-05-28 17:28:12 --> Undefined variable $id
in APPPATH\Views\edit_data_wisata.php on line 16.
 1 APPPATH\Views\edit_data_wisata.php(16): CodeIgniter\Debug\Exceptions->errorHandler(2, 'Undefined variable $id', 'C:\\xampp\\htdocs\\admin-web\\app\\Views\\edit_data_wisata.php', 16)
 2 SYSTEMPATH\View\View.php(213): include('C:\\xampp\\htdocs\\admin-web\\app\\Views\\edit_data_wisata.php')
 3 SYSTEMPATH\View\View.php(216): CodeIgniter\View\View->CodeIgniter\View\{closure}()
 4 SYSTEMPATH\Common.php(1184): CodeIgniter\View\View->render('edit_data_wisata', [], true)
 5 APPPATH\Controllers\Wisata.php(27): view('edit_data_wisata', [...])
 6 SYSTEMPATH\CodeIgniter.php(934): App\Controllers\Wisata->edit_data_wisata('3')
 7 SYSTEMPATH\CodeIgniter.php(499): CodeIgniter\CodeIgniter->runController(Object(App\Controllers\Wisata))
 8 SYSTEMPATH\CodeIgniter.php(368): CodeIgniter\CodeIgniter->handleRequest(null, Object(Config\Cache), false)
 9 FCPATH\index.php(67): CodeIgniter\CodeIgniter->run()
CRITICAL - 2023-05-28 17:28:48 --> Undefined variable $id
in APPPATH\Views\edit_data_wisata.php on line 16.
 1 APPPATH\Views\edit_data_wisata.php(16): CodeIgniter\Debug\Exceptions->errorHandler(2, 'Undefined variable $id', 'C:\\xampp\\htdocs\\admin-web\\app\\Views\\edit_data_wisata.php', 16)
 2 SYSTEMPATH\View\View.php(213): include('C:\\xampp\\htdocs\\admin-web\\app\\Views\\edit_data_wisata.php')
 3 SYSTEMPATH\View\View.php(216): CodeIgniter\View\View->CodeIgniter\View\{closure}()
 4 SYSTEMPATH\Common.php(1184): CodeIgniter\View\View->render('edit_data_wisata', [], true)
 5 APPPATH\Controllers\Wisata.php(27): view('edit_data_wisata', [...])
 6 SYSTEMPATH\CodeIgniter.php(934): App\Controllers\Wisata->edit_data_wisata('3')
 7 SYSTEMPATH\CodeIgniter.php(499): CodeIgniter\CodeIgniter->runController(Object(App\Controllers\Wisata))
 8 SYSTEMPATH\CodeIgniter.php(368): CodeIgniter\CodeIgniter->handleRequest(null, Object(Config\Cache), false)
 9 FCPATH\index.php(67): CodeIgniter\CodeIgniter->run()
CRITICAL - 2023-05-28 17:28:50 --> Undefined variable $id
in APPPATH\Views\edit_data_wisata.php on line 16.
 1 APPPATH\Views\edit_data_wisata.php(16): CodeIgniter\Debug\Exceptions->errorHandler(2, 'Undefined variable $id', 'C:\\xampp\\htdocs\\admin-web\\app\\Views\\edit_data_wisata.php', 16)
 2 SYSTEMPATH\View\View.php(213): include('C:\\xampp\\htdocs\\admin-web\\app\\Views\\edit_data_wisata.php')
 3 SYSTEMPATH\View\View.php(216): CodeIgniter\View\View->CodeIgniter\View\{closure}()
 4 SYSTEMPATH\Common.php(1184): CodeIgniter\View\View->render('edit_data_wisata', [], true)
 5 APPPATH\Controllers\Wisata.php(27): view('edit_data_wisata', [...])
 6 SYSTEMPATH\CodeIgniter.php(934): App\Controllers\Wisata->edit_data_wisata('3')
 7 SYSTEMPATH\CodeIgniter.php(499): CodeIgniter\CodeIgniter->runController(Object(App\Controllers\Wisata))
 8 SYSTEMPATH\CodeIgniter.php(368): CodeIgniter\CodeIgniter->handleRequest(null, Object(Config\Cache), false)
 9 FCPATH\index.php(67): CodeIgniter\CodeIgniter->run()
CRITICAL - 2023-05-28 17:29:48 --> Undefined variable $id
in APPPATH\Views\edit_data_wisata.php on line 16.
 1 APPPATH\Views\edit_data_wisata.php(16): CodeIgniter\Debug\Exceptions->errorHandler(2, 'Undefined variable $id', 'C:\\xampp\\htdocs\\admin-web\\app\\Views\\edit_data_wisata.php', 16)
 2 SYSTEMPATH\View\View.php(213): include('C:\\xampp\\htdocs\\admin-web\\app\\Views\\edit_data_wisata.php')
 3 SYSTEMPATH\View\View.php(216): CodeIgniter\View\View->CodeIgniter\View\{closure}()
 4 SYSTEMPATH\Common.php(1184): CodeIgniter\View\View->render('edit_data_wisata', [], true)
 5 APPPATH\Controllers\Wisata.php(27): view('edit_data_wisata', [...])
 6 SYSTEMPATH\CodeIgniter.php(934): App\Controllers\Wisata->edit_data_wisata('1')
 7 SYSTEMPATH\CodeIgniter.php(499): CodeIgniter\CodeIgniter->runController(Object(App\Controllers\Wisata))
 8 SYSTEMPATH\CodeIgniter.php(368): CodeIgniter\CodeIgniter->handleRequest(null, Object(Config\Cache), false)
 9 FCPATH\index.php(67): CodeIgniter\CodeIgniter->run()
